<?xml version="1.0" encoding="UTF-8"?>
<testsuites name="20190919_124835" timestamp="2019-09-19T12:48:35" time="59.137" tests="18" errors="3">
  <testsuite id="1" name="OnlineFlightBooking" package="OnlineFlightBooking" hostname="ATMECSINDT-055" timestamp="2019-09-19T12:48:36" time="55.677" tests="18" errors="3">
    <properties>
      <property name="Run From" value="ATMECSINDT-055" />
      <property name="Run OS" value="amd64 Windows 10 10.0" />
      <property name="Run User" value="Sandhiya.Munisamy" />
      <property name="Iteration" value="1 of 1" />
      <property name="Script" value="OnlineFlightBooking.xlsx" />
      <property name="Logs" value="C:\projects\OnlineWebApplication\output\20190919_124835\logs\nexial-20190919_124835.log" />
      <property name="Data File" value="OnlineFlightBooking.data.xlsx" />
      <property name="DataSheet(s)" value="#default" />
      <property name="runtime args" value="-script C:\projects\OnlineWebApplication\artifact\script\OnlineFlightBooking.xlsx" />
    </properties>
    <testcase id="OpenUrl" name="OpenUrl" classname="BookingFlight" timestamp="2019-09-19T12:48:39" time="52.654">
      <system-out>Total : 1
Passed: 1
Failed: 0
Output: C:\projects\OnlineWebApplication\output\20190919_124835\OnlineFlightBooking.20190919_124836.001.xlsx
Logs  : C:\projects\OnlineWebApplication\output\20190919_124835\logs\nexial-20190919_124835.log</system-out>
    </testcase>
    <testcase id="maximize" name="maximize" classname="BookingFlight" timestamp="2019-09-19T12:48:48" time="43.636">
      <system-out>Total : 1
Passed: 1
Failed: 0
Output: C:\projects\OnlineWebApplication\output\20190919_124835\OnlineFlightBooking.20190919_124836.001.xlsx
Logs  : C:\projects\OnlineWebApplication\output\20190919_124835\logs\nexial-20190919_124835.log</system-out>
    </testcase>
    <testcase id="AssertLogo" name="AssertLogo" classname="BookingFlight" timestamp="2019-09-19T12:48:50" time="41.805">
      <system-out>Total : 1
Passed: 1
Failed: 0
Output: C:\projects\OnlineWebApplication\output\20190919_124835\OnlineFlightBooking.20190919_124836.001.xlsx
Logs  : C:\projects\OnlineWebApplication\output\20190919_124835\logs\nexial-20190919_124835.log</system-out>
    </testcase>
    <testcase id="AssertTitle" name="AssertTitle" classname="BookingFlight" timestamp="2019-09-19T12:48:51" time="40.691">
      <failure type="failure found in test activity" message="1 of 1 FAILED. Check C:\projects\OnlineWebApplication\output\20190919_124835\OnlineFlightBooking.20190919_124836.001.xlsx for execution result, C:\projects\OnlineWebApplication\output\20190919_124835\logs\nexial-20190919_124835.log for execution logs" />
      <system-out>Total : 1
Passed: 0
Failed: 1
Output: C:\projects\OnlineWebApplication\output\20190919_124835\OnlineFlightBooking.20190919_124836.001.xlsx
Logs  : C:\projects\OnlineWebApplication\output\20190919_124835\logs\nexial-20190919_124835.log</system-out>
    </testcase>
    <testcase id="ClickOnSource" name="ClickOnSource" classname="BookingFlight" timestamp="2019-09-19T12:48:52" time="40.061">
      <system-out>Total : 1
Passed: 1
Failed: 0
Output: C:\projects\OnlineWebApplication\output\20190919_124835\OnlineFlightBooking.20190919_124836.001.xlsx
Logs  : C:\projects\OnlineWebApplication\output\20190919_124835\logs\nexial-20190919_124835.log</system-out>
    </testcase>
    <testcase id="TypeSource" name="TypeSource" classname="BookingFlight" timestamp="2019-09-19T12:48:52" time="39.341">
      <system-out>Total : 1
Passed: 1
Failed: 0
Output: C:\projects\OnlineWebApplication\output\20190919_124835\OnlineFlightBooking.20190919_124836.001.xlsx
Logs  : C:\projects\OnlineWebApplication\output\20190919_124835\logs\nexial-20190919_124835.log</system-out>
    </testcase>
    <testcase id="ClickDownArrowSrc" name="ClickDownArrowSrc" classname="BookingFlight" timestamp="2019-09-19T12:48:53" time="38.403">
      <system-out>Total : 1
Passed: 1
Failed: 0
Output: C:\projects\OnlineWebApplication\output\20190919_124835\OnlineFlightBooking.20190919_124836.001.xlsx
Logs  : C:\projects\OnlineWebApplication\output\20190919_124835\logs\nexial-20190919_124835.log</system-out>
    </testcase>
    <testcase id="ClickEnterSrc" name="ClickEnterSrc" classname="BookingFlight" timestamp="2019-09-19T12:48:55" time="37.136">
      <system-out>Total : 1
Passed: 1
Failed: 0
Output: C:\projects\OnlineWebApplication\output\20190919_124835\OnlineFlightBooking.20190919_124836.001.xlsx
Logs  : C:\projects\OnlineWebApplication\output\20190919_124835\logs\nexial-20190919_124835.log</system-out>
    </testcase>
    <testcase id="TypeDestination" name="TypeDestination" classname="BookingFlight" timestamp="2019-09-19T12:49:01" time="30.909">
      <system-out>Total : 1
Passed: 1
Failed: 0
Output: C:\projects\OnlineWebApplication\output\20190919_124835\OnlineFlightBooking.20190919_124836.001.xlsx
Logs  : C:\projects\OnlineWebApplication\output\20190919_124835\logs\nexial-20190919_124835.log</system-out>
    </testcase>
    <testcase id="ClickDownArrowDest" name="ClickDownArrowDest" classname="BookingFlight" timestamp="2019-09-19T12:49:02" time="30.019">
      <system-out>Total : 1
Passed: 1
Failed: 0
Output: C:\projects\OnlineWebApplication\output\20190919_124835\OnlineFlightBooking.20190919_124836.001.xlsx
Logs  : C:\projects\OnlineWebApplication\output\20190919_124835\logs\nexial-20190919_124835.log</system-out>
    </testcase>
    <testcase id="ClickEnterDes" name="ClickEnterDes" classname="BookingFlight" timestamp="2019-09-19T12:49:13" time="18.689">
      <system-out>Total : 1
Passed: 1
Failed: 0
Output: C:\projects\OnlineWebApplication\output\20190919_124835\OnlineFlightBooking.20190919_124836.001.xlsx
Logs  : C:\projects\OnlineWebApplication\output\20190919_124835\logs\nexial-20190919_124835.log</system-out>
    </testcase>
    <testcase id="SelectDepartureDate" name="SelectDepartureDate" classname="BookingFlight" timestamp="2019-09-19T12:49:24" time="7.327">
      <system-out>Total : 1
Passed: 1
Failed: 0
Output: C:\projects\OnlineWebApplication\output\20190919_124835\OnlineFlightBooking.20190919_124836.001.xlsx
Logs  : C:\projects\OnlineWebApplication\output\20190919_124835\logs\nexial-20190919_124835.log</system-out>
    </testcase>
    <testcase id="ClickReturnDate" name="ClickReturnDate" classname="BookingFlight" timestamp="2019-09-19T12:49:25" time="6.563">
      <system-out>Total : 1
Passed: 1
Failed: 0
Output: C:\projects\OnlineWebApplication\output\20190919_124835\OnlineFlightBooking.20190919_124836.001.xlsx
Logs  : C:\projects\OnlineWebApplication\output\20190919_124835\logs\nexial-20190919_124835.log</system-out>
    </testcase>
    <testcase id="SelectReturnDate" name="SelectReturnDate" classname="BookingFlight" timestamp="2019-09-19T12:49:26" time="5.780">
      <system-out>Total : 1
Passed: 1
Failed: 0
Output: C:\projects\OnlineWebApplication\output\20190919_124835\OnlineFlightBooking.20190919_124836.001.xlsx
Logs  : C:\projects\OnlineWebApplication\output\20190919_124835\logs\nexial-20190919_124835.log</system-out>
    </testcase>
    <testcase id="ClickSearch" name="ClickSearch" classname="BookingFlight" timestamp="2019-09-19T12:49:27" time="5.019">
      <system-out>Total : 1
Passed: 1
Failed: 0
Output: C:\projects\OnlineWebApplication\output\20190919_124835\OnlineFlightBooking.20190919_124836.001.xlsx
Logs  : C:\projects\OnlineWebApplication\output\20190919_124835\logs\nexial-20190919_124835.log</system-out>
    </testcase>
    <testcase id="clickFlight" name="clickFlight" classname="BookingFlight" timestamp="2019-09-19T12:49:27" time="4.297">
      <failure type="failure found in test activity" message="1 of 1 FAILED. Check C:\projects\OnlineWebApplication\output\20190919_124835\OnlineFlightBooking.20190919_124836.001.xlsx for execution result, C:\projects\OnlineWebApplication\output\20190919_124835\logs\nexial-20190919_124835.log for execution logs" />
      <system-out>Total : 1
Passed: 0
Failed: 1
Output: C:\projects\OnlineWebApplication\output\20190919_124835\OnlineFlightBooking.20190919_124836.001.xlsx
Logs  : C:\projects\OnlineWebApplication\output\20190919_124835\logs\nexial-20190919_124835.log</system-out>
    </testcase>
    <testcase id="ClickBook" name="ClickBook" classname="BookingFlight" timestamp="2019-09-19T12:49:29" time="2.764">
      <failure type="failure found in test activity" message="1 of 1 FAILED. Check C:\projects\OnlineWebApplication\output\20190919_124835\OnlineFlightBooking.20190919_124836.001.xlsx for execution result, C:\projects\OnlineWebApplication\output\20190919_124835\logs\nexial-20190919_124835.log for execution logs" />
      <system-out>Total : 1
Passed: 0
Failed: 1
Output: C:\projects\OnlineWebApplication\output\20190919_124835\OnlineFlightBooking.20190919_124836.001.xlsx
Logs  : C:\projects\OnlineWebApplication\output\20190919_124835\logs\nexial-20190919_124835.log</system-out>
    </testcase>
    <testcase id="writedatatocsv" name="writedatatocsv" classname="BookingFlight" timestamp="2019-09-19T12:49:30" time="1.246">
      <system-out>Total : 1
Passed: 1
Failed: 0
Output: C:\projects\OnlineWebApplication\output\20190919_124835\OnlineFlightBooking.20190919_124836.001.xlsx
Logs  : C:\projects\OnlineWebApplication\output\20190919_124835\logs\nexial-20190919_124835.log</system-out>
    </testcase>
  </testsuite>
</testsuites>
