<?xml version="1.0" encoding="UTF-8"?>
<testsuites name="20190919_130457" timestamp="2019-09-19T13:04:57" time="42.177" tests="18" errors="2">
  <testsuite id="1" name="OnlineFlightBooking" package="OnlineFlightBooking" hostname="ATMECSINDT-055" timestamp="2019-09-19T13:04:58" time="37.240" tests="18" errors="2">
    <properties>
      <property name="Run From" value="ATMECSINDT-055" />
      <property name="Run OS" value="amd64 Windows 10 10.0" />
      <property name="Run User" value="Sandhiya.Munisamy" />
      <property name="Iteration" value="1 of 1" />
      <property name="Script" value="OnlineFlightBooking.xlsx" />
      <property name="Logs" value="C:\projects\OnlineWebApplication\output\20190919_130457\logs\nexial-20190919_130457.log" />
      <property name="Data File" value="OnlineFlightBooking.data.xlsx" />
      <property name="DataSheet(s)" value="#default" />
      <property name="runtime args" value="-script C:\projects\OnlineWebApplication\artifact\script\OnlineFlightBooking.xlsx" />
    </properties>
    <testcase id="OpenUrl" name="OpenUrl" classname="BookingFlight" timestamp="2019-09-19T13:05:00" time="35.135">
      <system-out>Total : 1
Passed: 1
Failed: 0
Output: C:\projects\OnlineWebApplication\output\20190919_130457\OnlineFlightBooking.20190919_130458.001.xlsx
Logs  : C:\projects\OnlineWebApplication\output\20190919_130457\logs\nexial-20190919_130457.log</system-out>
    </testcase>
    <testcase id="maximize" name="maximize" classname="BookingFlight" timestamp="2019-09-19T13:05:09" time="25.890">
      <system-out>Total : 1
Passed: 1
Failed: 0
Output: C:\projects\OnlineWebApplication\output\20190919_130457\OnlineFlightBooking.20190919_130458.001.xlsx
Logs  : C:\projects\OnlineWebApplication\output\20190919_130457\logs\nexial-20190919_130457.log</system-out>
    </testcase>
    <testcase id="AssertLogo" name="AssertLogo" classname="BookingFlight" timestamp="2019-09-19T13:05:11" time="24.107">
      <system-out>Total : 1
Passed: 1
Failed: 0
Output: C:\projects\OnlineWebApplication\output\20190919_130457\OnlineFlightBooking.20190919_130458.001.xlsx
Logs  : C:\projects\OnlineWebApplication\output\20190919_130457\logs\nexial-20190919_130457.log</system-out>
    </testcase>
    <testcase id="AssertTitle" name="AssertTitle" classname="BookingFlight" timestamp="2019-09-19T13:05:12" time="23.041">
      <failure type="failure found in test activity" message="1 of 1 FAILED. Check C:\projects\OnlineWebApplication\output\20190919_130457\OnlineFlightBooking.20190919_130458.001.xlsx for execution result, C:\projects\OnlineWebApplication\output\20190919_130457\logs\nexial-20190919_130457.log for execution logs" />
      <system-out>Total : 1
Passed: 0
Failed: 1
Output: C:\projects\OnlineWebApplication\output\20190919_130457\OnlineFlightBooking.20190919_130458.001.xlsx
Logs  : C:\projects\OnlineWebApplication\output\20190919_130457\logs\nexial-20190919_130457.log</system-out>
    </testcase>
    <testcase id="ClickOnSource" name="ClickOnSource" classname="BookingFlight" timestamp="2019-09-19T13:05:14" time="21.590">
      <system-out>Total : 1
Passed: 1
Failed: 0
Output: C:\projects\OnlineWebApplication\output\20190919_130457\OnlineFlightBooking.20190919_130458.001.xlsx
Logs  : C:\projects\OnlineWebApplication\output\20190919_130457\logs\nexial-20190919_130457.log</system-out>
    </testcase>
    <testcase id="TypeSource" name="TypeSource" classname="BookingFlight" timestamp="2019-09-19T13:05:14" time="20.846">
      <system-out>Total : 1
Passed: 1
Failed: 0
Output: C:\projects\OnlineWebApplication\output\20190919_130457\OnlineFlightBooking.20190919_130458.001.xlsx
Logs  : C:\projects\OnlineWebApplication\output\20190919_130457\logs\nexial-20190919_130457.log</system-out>
    </testcase>
    <testcase id="ClickDownArrowSrc" name="ClickDownArrowSrc" classname="BookingFlight" timestamp="2019-09-19T13:05:15" time="19.810">
      <system-out>Total : 1
Passed: 1
Failed: 0
Output: C:\projects\OnlineWebApplication\output\20190919_130457\OnlineFlightBooking.20190919_130458.001.xlsx
Logs  : C:\projects\OnlineWebApplication\output\20190919_130457\logs\nexial-20190919_130457.log</system-out>
    </testcase>
    <testcase id="ClickEnterSrc" name="ClickEnterSrc" classname="BookingFlight" timestamp="2019-09-19T13:05:17" time="18.505">
      <system-out>Total : 1
Passed: 1
Failed: 0
Output: C:\projects\OnlineWebApplication\output\20190919_130457\OnlineFlightBooking.20190919_130458.001.xlsx
Logs  : C:\projects\OnlineWebApplication\output\20190919_130457\logs\nexial-20190919_130457.log</system-out>
    </testcase>
    <testcase id="TypeDestination" name="TypeDestination" classname="BookingFlight" timestamp="2019-09-19T13:05:18" time="17.195">
      <system-out>Total : 1
Passed: 1
Failed: 0
Output: C:\projects\OnlineWebApplication\output\20190919_130457\OnlineFlightBooking.20190919_130458.001.xlsx
Logs  : C:\projects\OnlineWebApplication\output\20190919_130457\logs\nexial-20190919_130457.log</system-out>
    </testcase>
    <testcase id="ClickDownArrowDest" name="ClickDownArrowDest" classname="BookingFlight" timestamp="2019-09-19T13:05:19" time="16.312">
      <system-out>Total : 1
Passed: 1
Failed: 0
Output: C:\projects\OnlineWebApplication\output\20190919_130457\OnlineFlightBooking.20190919_130458.001.xlsx
Logs  : C:\projects\OnlineWebApplication\output\20190919_130457\logs\nexial-20190919_130457.log</system-out>
    </testcase>
    <testcase id="ClickEnterDes" name="ClickEnterDes" classname="BookingFlight" timestamp="2019-09-19T13:05:20" time="15.079">
      <system-out>Total : 1
Passed: 1
Failed: 0
Output: C:\projects\OnlineWebApplication\output\20190919_130457\OnlineFlightBooking.20190919_130458.001.xlsx
Logs  : C:\projects\OnlineWebApplication\output\20190919_130457\logs\nexial-20190919_130457.log</system-out>
    </testcase>
    <testcase id="SelectDepartureDate" name="SelectDepartureDate" classname="BookingFlight" timestamp="2019-09-19T13:05:21" time="13.797">
      <system-out>Total : 1
Passed: 1
Failed: 0
Output: C:\projects\OnlineWebApplication\output\20190919_130457\OnlineFlightBooking.20190919_130458.001.xlsx
Logs  : C:\projects\OnlineWebApplication\output\20190919_130457\logs\nexial-20190919_130457.log</system-out>
    </testcase>
    <testcase id="ClickReturnDate" name="ClickReturnDate" classname="BookingFlight" timestamp="2019-09-19T13:05:22" time="13.042">
      <system-out>Total : 1
Passed: 1
Failed: 0
Output: C:\projects\OnlineWebApplication\output\20190919_130457\OnlineFlightBooking.20190919_130458.001.xlsx
Logs  : C:\projects\OnlineWebApplication\output\20190919_130457\logs\nexial-20190919_130457.log</system-out>
    </testcase>
    <testcase id="SelectReturnDate" name="SelectReturnDate" classname="BookingFlight" timestamp="2019-09-19T13:05:28" time="7.447">
      <system-out>Total : 1
Passed: 1
Failed: 0
Output: C:\projects\OnlineWebApplication\output\20190919_130457\OnlineFlightBooking.20190919_130458.001.xlsx
Logs  : C:\projects\OnlineWebApplication\output\20190919_130457\logs\nexial-20190919_130457.log</system-out>
    </testcase>
    <testcase id="ClickSearch" name="ClickSearch" classname="BookingFlight" timestamp="2019-09-19T13:05:29" time="6.653">
      <system-out>Total : 1
Passed: 1
Failed: 0
Output: C:\projects\OnlineWebApplication\output\20190919_130457\OnlineFlightBooking.20190919_130458.001.xlsx
Logs  : C:\projects\OnlineWebApplication\output\20190919_130457\logs\nexial-20190919_130457.log</system-out>
    </testcase>
    <testcase id="clickFlight" name="clickFlight" classname="BookingFlight" timestamp="2019-09-19T13:05:29" time="5.832">
      <failure type="failure found in test activity" message="1 of 1 FAILED. Check C:\projects\OnlineWebApplication\output\20190919_130457\OnlineFlightBooking.20190919_130458.001.xlsx for execution result, C:\projects\OnlineWebApplication\output\20190919_130457\logs\nexial-20190919_130457.log for execution logs" />
      <system-out>Total : 1
Passed: 0
Failed: 1
Output: C:\projects\OnlineWebApplication\output\20190919_130457\OnlineFlightBooking.20190919_130458.001.xlsx
Logs  : C:\projects\OnlineWebApplication\output\20190919_130457\logs\nexial-20190919_130457.log</system-out>
    </testcase>
    <testcase id="ClickBook" name="ClickBook" classname="BookingFlight" timestamp="2019-09-19T13:05:31" time="4.274">
      <system-out>Total : 1
Passed: 1
Failed: 0
Output: C:\projects\OnlineWebApplication\output\20190919_130457\OnlineFlightBooking.20190919_130458.001.xlsx
Logs  : C:\projects\OnlineWebApplication\output\20190919_130457\logs\nexial-20190919_130457.log</system-out>
    </testcase>
    <testcase id="writedatatocsv" name="writedatatocsv" classname="BookingFlight" timestamp="2019-09-19T13:05:33" time="2.719">
      <system-out>Total : 1
Passed: 1
Failed: 0
Output: C:\projects\OnlineWebApplication\output\20190919_130457\OnlineFlightBooking.20190919_130458.001.xlsx
Logs  : C:\projects\OnlineWebApplication\output\20190919_130457\logs\nexial-20190919_130457.log</system-out>
    </testcase>
  </testsuite>
</testsuites>
