<?xml version="1.0" encoding="UTF-8"?>
<testsuites name="20190919_131317" timestamp="2019-09-19T13:13:17" time="22.152" tests="1" errors="1">
  <testsuite id="1" name="OnlineFlightBooking" package="OnlineFlightBooking" hostname="ATMECSINDT-055" timestamp="2019-09-19T13:13:19" time="18.012" tests="1" errors="1">
    <properties>
      <property name="Run From" value="ATMECSINDT-055" />
      <property name="Run OS" value="amd64 Windows 10 10.0" />
      <property name="Run User" value="Sandhiya.Munisamy" />
      <property name="Iteration" value="1 of 1" />
      <property name="Script" value="OnlineFlightBooking.xlsx" />
      <property name="Logs" value="C:\projects\OnlineWebApplication\output\20190919_131317\logs\nexial-20190919_131317.log" />
      <property name="Data File" value="OnlineFlightBooking.data.xlsx" />
      <property name="DataSheet(s)" value="#default" />
      <property name="runtime args" value="-script C:\projects\OnlineWebApplication\artifact\script\OnlineFlightBooking.xlsx" />
    </properties>
    <testcase id="OpenUrl" name="OpenUrl" classname="BookingFlight" timestamp="2019-09-19T13:13:22" time="15.262">
      <failure type="failure found in test activity" message="1 of 1 FAILED. Check C:\projects\OnlineWebApplication\output\20190919_131317\OnlineFlightBooking.20190919_131319.001.xlsx for execution result, C:\projects\OnlineWebApplication\output\20190919_131317\logs\nexial-20190919_131317.log for execution logs" />
      <system-out>Total : 1
Passed: 0
Failed: 1
Output: C:\projects\OnlineWebApplication\output\20190919_131317\OnlineFlightBooking.20190919_131319.001.xlsx
Logs  : C:\projects\OnlineWebApplication\output\20190919_131317\logs\nexial-20190919_131317.log</system-out>
    </testcase>
  </testsuite>
</testsuites>
