2019-09-19 12:29:25,980|I|Thread-1|(DELAYED) nexial-core 2.2_0488 starting up...
2019-09-19 12:29:25,991|I|Thread-1|(DELAYED) data file resolved as C:\Users\SANDHI~1.MUN\AppData\Local\Temp\HZcRz\OnlineFlightBooking.data.xlsx
2019-09-19 12:29:25,991|I|Thread-1|(DELAYED) input files and output directory resolved...
2019-09-19 12:29:25,991|I|Thread-1|(DELAYED) No predefined nexial-setup found
2019-09-19 12:29:25,991|I|Thread-1|(DELAYED) [20190919_122925] [C:\projects\OnlineWebApplication\artifact\script\OnlineFlightBooking.xlsx] resolve RUN ID as 20190919_122925
2019-09-19 12:29:25,991|I|Thread-1|(DELAYED) [20190919_122925] [C:\projects\OnlineWebApplication\artifact\script\OnlineFlightBooking.xlsx] new thread started
2019-09-19 12:29:25,992|I|Thread-1|No predefined nexial-setup found
2019-09-19 12:29:26,073|I|Thread-1|outputBase not set; output-to-cloud DISABLED!
2019-09-19 12:29:26,074|I|Thread-1|accessKey not set; output-to-cloud DISABLED!
2019-09-19 12:29:26,075|I|Thread-1|secretKey not set; output-to-cloud DISABLED!
2019-09-19 12:29:26,103|I|Thread-1|missing REQUIRED configuration; sms DISABLED!
2019-09-19 12:29:27,037|I|Thread-1|[20190919_122925] executing C:\projects\OnlineWebApplication\artifact\script\OnlineFlightBooking.xlsx with 1 iteration(s)
2019-09-19 12:29:27,043|I|Thread-1|[20190919_122925] create directory C:\projects\OnlineWebApplication\output\20190919_122925\captures
2019-09-19 12:29:27,046|I|Thread-1|[20190919_122925] create directory C:\projects\OnlineWebApplication\output\20190919_122925\logs
2019-09-19 12:29:27,791|I|Thread-1|[20190919_122925] merging test data to tmp file C:\projects\OnlineWebApplication\output\20190919_122925\OnlineFlightBooking.20190919_122927.001.xlsx
2019-09-19 12:29:27,793|I|Thread-1|refetching data from C:\projects\OnlineWebApplication\artifact\data\OnlineFlightBooking.data.xlsx
2019-09-19 12:29:28,160|I|Thread-1|[20190919_122925] test script and test data merged to C:\projects\OnlineWebApplication\output\20190919_122925\OnlineFlightBooking.20190919_122927.001.xlsx
2019-09-19 12:29:28,876|I|Thread-1|STARTS
2019-09-19 12:29:28,888|E|Thread-1|[20190919_122925] 
/-TEST FAILED!!-----------------------------------------------------------------
| Test Output:    C:\projects\OnlineWebApplication\output\20190919_122925\OnlineFlightBooking.20190919_122927.001.xlsx
| Iteration:      1
\-------------------------------------------------------------------------------
» Error:           no command specified on ROW 4
2019-09-19 12:29:28,899|E|Thread-1|[20190919_122925] 
/-TEST FAILED!!-----------------------------------------------------------------
| Test Output:    C:\projects\OnlineWebApplication\output\20190919_122925\OnlineFlightBooking.20190919_122927.001.xlsx
| Iteration:      1
\-------------------------------------------------------------------------------
» Error:           no command specified on ROW 4 no command specified on ROW 4
2019-09-19 12:29:28,900|I|Thread-1|OnlineFlightBooking.20190919_122927.001 - fail-immediate in effect - test execution will stop now.
2019-09-19 12:29:31,006|I|Thread-1|[20190919_122925] 
/-TEST COMPLETE-----------------------------------------------------------------
| Test Script:    C:\projects\OnlineWebApplication\artifact\script\OnlineFlightBooking.xlsx
\-------------------------------------------------------------------------------
» Execution Time: 5235 ms
» Iterations:     [1] total 1
» Test Steps:     0
» Passed:         0
» Error(s):       0
» Iteration 1 of 1: C:\projects\OnlineWebApplication\output\20190919_122925\OnlineFlightBooking.20190919_122927.001.xlsx



2019-09-19 12:29:31,694|I|main|[20190919_122925] [C:\projects\OnlineWebApplication\artifact\script\OnlineFlightBooking.xlsx] now completed
2019-09-19 12:29:31,698|I|main|[20190919_122925] all execution thread(s) have terminated
2019-09-19 12:29:31,704|I|main|[20190919_122925] test run completed in about 6 seconds
2019-09-19 12:29:31,807|I|main|No predefined nexial-setup found
2019-09-19 12:29:31,835|I|main|outputBase not set; output-to-cloud DISABLED!
2019-09-19 12:29:31,836|I|main|accessKey not set; output-to-cloud DISABLED!
2019-09-19 12:29:31,839|I|main|secretKey not set; output-to-cloud DISABLED!
2019-09-19 12:29:31,842|I|main|generating HTML output for this execution to C:\projects\OnlineWebApplication\output\20190919_122925\execution-output.html
2019-09-19 12:29:32,282|I|main|generating JUnit XML output for this execution to C:\projects\OnlineWebApplication\output\20190919_122925\junit.xml
2019-09-19 12:29:32,327|I|main|Generated JUnit report for this execution: C:\projects\OnlineWebApplication\output\20190919_122925\junit.xml
2019-09-19 12:29:32,328|I|main|nexial mailer not enabled: nexial.enableEmail=false
2019-09-19 12:29:32,329|I|main|skipped email notification as configured
2019-09-19 12:29:32,330|I|main|Exiting Nexial...
2019-09-19 12:29:32,334|I|main|

/-END OF EXECUTION--------------------------------------------------------------
| » Execution Time: 6 sec.
| » Test Steps:     0
| » Passed:         0
| » Failed:         0
| » Success Rate:   0.00%
\---------------------------------------------------------------nexial-core 2.2_0488-

2019-09-19 12:29:32,335|E|main|failure found; success rate is 0.00%
2019-09-19 12:29:32,339|I|main|End of Execution:
OUTPUT:       C:\projects\OnlineWebApplication\output\20190919_122925
EXECUTION:    C:\projects\OnlineWebApplication\output\20190919_122925\execution-output.html
JUNIT XML:    C:\projects\OnlineWebApplication\output\20190919_122925\junit.xml
SUCCESS RATE: 0.00%
EXIT STATUS:  -13
2019-09-19 12:29:32,341|I|main|End of Execution:
NEXIAL_OUTPUT:         C:\projects\OnlineWebApplication\output\20190919_122925
NEXIAL_EXECUTION_HTML: C:\projects\OnlineWebApplication\output\20190919_122925\execution-output.html
NEXIAL_JUNIT_XML:      C:\projects\OnlineWebApplication\output\20190919_122925\junit.xml
NEXIAL_SUCCESS_RATE:   0.00%
NEXIAL_EXIT_STATUS:    -13
