<?xml version="1.0" encoding="UTF-8"?>
<testsuites name="20190919_130134" timestamp="2019-09-19T13:01:34" time="37.153" tests="18" errors="4">
  <testsuite id="1" name="OnlineFlightBooking" package="OnlineFlightBooking" hostname="ATMECSINDT-055" timestamp="2019-09-19T13:01:36" time="31.656" tests="18" errors="4">
    <properties>
      <property name="Run From" value="ATMECSINDT-055" />
      <property name="Run OS" value="amd64 Windows 10 10.0" />
      <property name="Run User" value="Sandhiya.Munisamy" />
      <property name="Iteration" value="1 of 1" />
      <property name="Script" value="OnlineFlightBooking.xlsx" />
      <property name="Logs" value="C:\projects\OnlineWebApplication\output\20190919_130134\logs\nexial-20190919_130134.log" />
      <property name="Data File" value="OnlineFlightBooking.data.xlsx" />
      <property name="DataSheet(s)" value="#default" />
      <property name="runtime args" value="-script C:\projects\OnlineWebApplication\artifact\script\OnlineFlightBooking.xlsx" />
    </properties>
    <testcase id="OpenUrl" name="OpenUrl" classname="BookingFlight" timestamp="2019-09-19T13:01:39" time="29.085">
      <system-out>Total : 1
Passed: 1
Failed: 0
Output: C:\projects\OnlineWebApplication\output\20190919_130134\OnlineFlightBooking.20190919_130136.001.xlsx
Logs  : C:\projects\OnlineWebApplication\output\20190919_130134\logs\nexial-20190919_130134.log</system-out>
    </testcase>
    <testcase id="maximize" name="maximize" classname="BookingFlight" timestamp="2019-09-19T13:01:48" time="19.585">
      <system-out>Total : 1
Passed: 1
Failed: 0
Output: C:\projects\OnlineWebApplication\output\20190919_130134\OnlineFlightBooking.20190919_130136.001.xlsx
Logs  : C:\projects\OnlineWebApplication\output\20190919_130134\logs\nexial-20190919_130134.log</system-out>
    </testcase>
    <testcase id="AssertLogo" name="AssertLogo" classname="BookingFlight" timestamp="2019-09-19T13:01:50" time="17.640">
      <system-out>Total : 1
Passed: 1
Failed: 0
Output: C:\projects\OnlineWebApplication\output\20190919_130134\OnlineFlightBooking.20190919_130136.001.xlsx
Logs  : C:\projects\OnlineWebApplication\output\20190919_130134\logs\nexial-20190919_130134.log</system-out>
    </testcase>
    <testcase id="AssertTitle" name="AssertTitle" classname="BookingFlight" timestamp="2019-09-19T13:01:51" time="16.511">
      <failure type="failure found in test activity" message="1 of 1 FAILED. Check C:\projects\OnlineWebApplication\output\20190919_130134\OnlineFlightBooking.20190919_130136.001.xlsx for execution result, C:\projects\OnlineWebApplication\output\20190919_130134\logs\nexial-20190919_130134.log for execution logs" />
      <system-out>Total : 1
Passed: 0
Failed: 1
Output: C:\projects\OnlineWebApplication\output\20190919_130134\OnlineFlightBooking.20190919_130136.001.xlsx
Logs  : C:\projects\OnlineWebApplication\output\20190919_130134\logs\nexial-20190919_130134.log</system-out>
    </testcase>
    <testcase id="ClickOnSource" name="ClickOnSource" classname="BookingFlight" timestamp="2019-09-19T13:01:52" time="15.891">
      <system-out>Total : 1
Passed: 1
Failed: 0
Output: C:\projects\OnlineWebApplication\output\20190919_130134\OnlineFlightBooking.20190919_130136.001.xlsx
Logs  : C:\projects\OnlineWebApplication\output\20190919_130134\logs\nexial-20190919_130134.log</system-out>
    </testcase>
    <testcase id="TypeSource" name="TypeSource" classname="BookingFlight" timestamp="2019-09-19T13:01:53" time="15.177">
      <system-out>Total : 1
Passed: 1
Failed: 0
Output: C:\projects\OnlineWebApplication\output\20190919_130134\OnlineFlightBooking.20190919_130136.001.xlsx
Logs  : C:\projects\OnlineWebApplication\output\20190919_130134\logs\nexial-20190919_130134.log</system-out>
    </testcase>
    <testcase id="ClickDownArrowSrc" name="ClickDownArrowSrc" classname="BookingFlight" timestamp="2019-09-19T13:01:54" time="14.228">
      <system-out>Total : 1
Passed: 1
Failed: 0
Output: C:\projects\OnlineWebApplication\output\20190919_130134\OnlineFlightBooking.20190919_130136.001.xlsx
Logs  : C:\projects\OnlineWebApplication\output\20190919_130134\logs\nexial-20190919_130134.log</system-out>
    </testcase>
    <testcase id="ClickEnterSrc" name="ClickEnterSrc" classname="BookingFlight" timestamp="2019-09-19T13:01:55" time="12.977">
      <system-out>Total : 1
Passed: 1
Failed: 0
Output: C:\projects\OnlineWebApplication\output\20190919_130134\OnlineFlightBooking.20190919_130136.001.xlsx
Logs  : C:\projects\OnlineWebApplication\output\20190919_130134\logs\nexial-20190919_130134.log</system-out>
    </testcase>
    <testcase id="TypeDestination" name="TypeDestination" classname="BookingFlight" timestamp="2019-09-19T13:01:56" time="11.714">
      <system-out>Total : 1
Passed: 1
Failed: 0
Output: C:\projects\OnlineWebApplication\output\20190919_130134\OnlineFlightBooking.20190919_130136.001.xlsx
Logs  : C:\projects\OnlineWebApplication\output\20190919_130134\logs\nexial-20190919_130134.log</system-out>
    </testcase>
    <testcase id="ClickDownArrowDest" name="ClickDownArrowDest" classname="BookingFlight" timestamp="2019-09-19T13:01:57" time="10.842">
      <system-out>Total : 1
Passed: 1
Failed: 0
Output: C:\projects\OnlineWebApplication\output\20190919_130134\OnlineFlightBooking.20190919_130136.001.xlsx
Logs  : C:\projects\OnlineWebApplication\output\20190919_130134\logs\nexial-20190919_130134.log</system-out>
    </testcase>
    <testcase id="ClickEnterDes" name="ClickEnterDes" classname="BookingFlight" timestamp="2019-09-19T13:01:58" time="9.603">
      <system-out>Total : 1
Passed: 1
Failed: 0
Output: C:\projects\OnlineWebApplication\output\20190919_130134\OnlineFlightBooking.20190919_130136.001.xlsx
Logs  : C:\projects\OnlineWebApplication\output\20190919_130134\logs\nexial-20190919_130134.log</system-out>
    </testcase>
    <testcase id="SelectDepartureDate" name="SelectDepartureDate" classname="BookingFlight" timestamp="2019-09-19T13:02:00" time="8.349">
      <failure type="failure found in test activity" message="1 of 1 FAILED. Check C:\projects\OnlineWebApplication\output\20190919_130134\OnlineFlightBooking.20190919_130136.001.xlsx for execution result, C:\projects\OnlineWebApplication\output\20190919_130134\logs\nexial-20190919_130134.log for execution logs" />
      <system-out>Total : 1
Passed: 0
Failed: 1
Output: C:\projects\OnlineWebApplication\output\20190919_130134\OnlineFlightBooking.20190919_130136.001.xlsx
Logs  : C:\projects\OnlineWebApplication\output\20190919_130134\logs\nexial-20190919_130134.log</system-out>
    </testcase>
    <testcase id="ClickReturnDate" name="ClickReturnDate" classname="BookingFlight" timestamp="2019-09-19T13:02:01" time="6.851">
      <system-out>Total : 1
Passed: 1
Failed: 0
Output: C:\projects\OnlineWebApplication\output\20190919_130134\OnlineFlightBooking.20190919_130136.001.xlsx
Logs  : C:\projects\OnlineWebApplication\output\20190919_130134\logs\nexial-20190919_130134.log</system-out>
    </testcase>
    <testcase id="SelectReturnDate" name="SelectReturnDate" classname="BookingFlight" timestamp="2019-09-19T13:02:02" time="6.066">
      <system-out>Total : 1
Passed: 1
Failed: 0
Output: C:\projects\OnlineWebApplication\output\20190919_130134\OnlineFlightBooking.20190919_130136.001.xlsx
Logs  : C:\projects\OnlineWebApplication\output\20190919_130134\logs\nexial-20190919_130134.log</system-out>
    </testcase>
    <testcase id="ClickSearch" name="ClickSearch" classname="BookingFlight" timestamp="2019-09-19T13:02:03" time="5.316">
      <system-out>Total : 1
Passed: 1
Failed: 0
Output: C:\projects\OnlineWebApplication\output\20190919_130134\OnlineFlightBooking.20190919_130136.001.xlsx
Logs  : C:\projects\OnlineWebApplication\output\20190919_130134\logs\nexial-20190919_130134.log</system-out>
    </testcase>
    <testcase id="clickFlight" name="clickFlight" classname="BookingFlight" timestamp="2019-09-19T13:02:03" time="4.580">
      <failure type="failure found in test activity" message="1 of 1 FAILED. Check C:\projects\OnlineWebApplication\output\20190919_130134\OnlineFlightBooking.20190919_130136.001.xlsx for execution result, C:\projects\OnlineWebApplication\output\20190919_130134\logs\nexial-20190919_130134.log for execution logs" />
      <system-out>Total : 1
Passed: 0
Failed: 1
Output: C:\projects\OnlineWebApplication\output\20190919_130134\OnlineFlightBooking.20190919_130136.001.xlsx
Logs  : C:\projects\OnlineWebApplication\output\20190919_130134\logs\nexial-20190919_130134.log</system-out>
    </testcase>
    <testcase id="ClickBook" name="ClickBook" classname="BookingFlight" timestamp="2019-09-19T13:02:05" time="3.101">
      <failure type="failure found in test activity" message="1 of 1 FAILED. Check C:\projects\OnlineWebApplication\output\20190919_130134\OnlineFlightBooking.20190919_130136.001.xlsx for execution result, C:\projects\OnlineWebApplication\output\20190919_130134\logs\nexial-20190919_130134.log for execution logs" />
      <system-out>Total : 1
Passed: 0
Failed: 1
Output: C:\projects\OnlineWebApplication\output\20190919_130134\OnlineFlightBooking.20190919_130136.001.xlsx
Logs  : C:\projects\OnlineWebApplication\output\20190919_130134\logs\nexial-20190919_130134.log</system-out>
    </testcase>
    <testcase id="writedatatocsv" name="writedatatocsv" classname="BookingFlight" timestamp="2019-09-19T13:02:06" time="1.616">
      <system-out>Total : 1
Passed: 1
Failed: 0
Output: C:\projects\OnlineWebApplication\output\20190919_130134\OnlineFlightBooking.20190919_130136.001.xlsx
Logs  : C:\projects\OnlineWebApplication\output\20190919_130134\logs\nexial-20190919_130134.log</system-out>
    </testcase>
  </testsuite>
</testsuites>
